[debug] [2021-02-09T09:08:24.932Z] ----------------------------------------------------------------------
[debug] [2021-02-09T09:08:24.934Z] Command:       /usr/local/bin/node /usr/local/bin/firebase init
[debug] [2021-02-09T09:08:24.934Z] CLI Version:   9.3.0
[debug] [2021-02-09T09:08:24.934Z] Platform:      darwin
[debug] [2021-02-09T09:08:24.934Z] Node Version:  v12.14.0
[debug] [2021-02-09T09:08:24.935Z] Time:          Tue Feb 09 2021 10:08:24 GMT+0100 (Central European Standard Time)
[debug] [2021-02-09T09:08:24.935Z] ----------------------------------------------------------------------
[debug] [2021-02-09T09:08:24.935Z] 
[debug] [2021-02-09T09:08:24.939Z] > command requires scopes: ["email","openid","https://www.googleapis.com/auth/cloudplatformprojects.readonly","https://www.googleapis.com/auth/firebase","https://www.googleapis.com/auth/cloud-platform"]
[debug] [2021-02-09T09:08:24.939Z] > authorizing via signed-in user
[info] 
     ######## #### ########  ######## ########     ###     ######  ########
     ##        ##  ##     ## ##       ##     ##  ##   ##  ##       ##
     ######    ##  ########  ######   ########  #########  ######  ######
     ##        ##  ##    ##  ##       ##     ## ##     ##       ## ##
     ##       #### ##     ## ######## ########  ##     ##  ######  ########

You're about to initialize a Firebase project in this directory:

  /Users/fred/Desktop/code/wild-alter/client

[info] 
=== Project Setup
[info] 
[info] First, let's associate this project directory with a Firebase project.
[info] You can create multiple project aliases by running firebase use --add, 
[info] but for now we'll just set up a default project.
[info] 
[debug] [2021-02-09T09:08:58.481Z] >>> [apiv2][query] GET https://firebase.googleapis.com/v1beta1/projects pageSize=100
[debug] [2021-02-09T09:08:58.978Z] <<< [apiv2][status] GET https://firebase.googleapis.com/v1beta1/projects 200
[debug] [2021-02-09T09:08:58.978Z] <<< [apiv2][body] GET https://firebase.googleapis.com/v1beta1/projects [omitted]
[info] i  Using project wcs-alter (WCS-alter) 
[info] 
=== Hosting Setup
[info] 
[info] Your public directory is the folder (relative to your project directory) that
[info] will contain Hosting assets to be uploaded with firebase deploy. If you
[info] have a build process for your assets, use your build's output directory.
[info] 
[debug] [2021-02-09T09:10:06.078Z] >>> [apiv2][query] GET https://www.gstatic.com/firebasejs/releases.json [none]
[debug] [2021-02-09T09:10:06.177Z] <<< [apiv2][status] GET https://www.gstatic.com/firebasejs/releases.json 200
[debug] [2021-02-09T09:10:06.178Z] <<< [apiv2][body] GET https://www.gstatic.com/firebasejs/releases.json {"current":{"version":"8.2.6","browserURL":"https://www.gstatic.com/firebasejs/8.2.6/firebase.js","packageURL":"https://www.gstatic.com/firebasejs/8.2.6/firebase.tgz"},"live":{"version":"8.2","browserURL":"https://www.gstatic.com/firebasejs/live/8.2/firebase.js","packageURL":"https://www.gstatic.com/firebasejs/live/8.2/firebase.tgz"},"components":{"analytics":"https://www.gstatic.com/firebasejs/8.2.6/firebase-analytics.js","app":"https://www.gstatic.com/firebasejs/8.2.6/firebase-app.js","auth":"https://www.gstatic.com/firebasejs/8.2.6/firebase-auth.js","database":"https://www.gstatic.com/firebasejs/8.2.6/firebase-database.js","firestore":"https://www.gstatic.com/firebasejs/8.2.6/firebase-firestore.js","functions":"https://www.gstatic.com/firebasejs/8.2.6/firebase-functions.js","installations":"https://www.gstatic.com/firebasejs/8.2.6/firebase-installations.js","messaging":"https://www.gstatic.com/firebasejs/8.2.6/firebase-messaging.js","storage":"https://www.gstatic.com/firebasejs/8.2.6/firebase-storage.js","performance":"https://www.gstatic.com/firebasejs/8.2.6/firebase-performance.js","remote-config":"https://www.gstatic.com/firebasejs/8.2.6/firebase-remote-config.js","firestore.memory":"https://www.gstatic.com/firebasejs/8.2.6/firebase-firestore.memory.js"}}
[info] i  Skipping write of public/index.html 
[info] 
[info] i  Detected a .git folder at /Users/fred/Desktop/code/wild-alter/client 
[info] i  Authorizing with GitHub to upload your service account to a GitHub repository's secrets store. 
[info] 
[info] Visit this URL on this device to log in:
[info] https://github.com/login/oauth/authorize?client_id=89cf50f02ac6aaed3484&state=976997945&redirect_uri=http%3A%2F%2Flocalhost%3A9005&scope=read%3Auser%20repo%20public_repo
[info] 
[info] Waiting for authentication...
[debug] [2021-02-09T09:10:49.353Z] >>> HTTP REQUEST POST https://github.com/login/oauth/access_token  
 {"client_id":"89cf50f02ac6aaed3484","client_secret":"3330d14abc895d9a74d5f17cd7a00711fa2c5bf0","code":"5f8db982a576e4121fa5","redirect_uri":"http://localhost:9005","state":"976997945"}
[debug] [2021-02-09T09:10:49.582Z] <<< HTTP RESPONSE 200 {"server":"GitHub.com","date":"Tue, 09 Feb 2021 09:10:49 GMT","content-type":"application/json; charset=utf-8","vary":"X-PJAX, Accept-Encoding, Accept, X-Requested-With","etag":"W/\"7b38c6fee4dc73d4ac383c8315824df9\"","cache-control":"max-age=0, private, must-revalidate","strict-transport-security":"max-age=31536000; includeSubdomains; preload","x-frame-options":"deny","x-content-type-options":"nosniff","x-xss-protection":"1; mode=block","referrer-policy":"origin-when-cross-origin, strict-origin-when-cross-origin","expect-ct":"max-age=2592000, report-uri=\"https://api.github.com/_private/browser/errors\"","content-security-policy":"default-src 'none'; base-uri 'self'; block-all-mixed-content; connect-src 'self' uploads.github.com www.githubstatus.com collector.githubapp.com api.github.com github-cloud.s3.amazonaws.com github-production-repository-file-5c1aeb.s3.amazonaws.com github-production-upload-manifest-file-7fdce7.s3.amazonaws.com github-production-user-asset-6210df.s3.amazonaws.com cdn.optimizely.com logx.optimizely.com/v1/events wss://alive.github.com; font-src github.githubassets.com; form-action 'self' github.com gist.github.com; frame-ancestors 'none'; frame-src render.githubusercontent.com; img-src 'self' data: github.githubassets.com identicons.github.com collector.githubapp.com github-cloud.s3.amazonaws.com *.githubusercontent.com; manifest-src 'self'; media-src 'none'; script-src github.githubassets.com; style-src 'unsafe-inline' github.githubassets.com; worker-src github.com/socket-worker-5029ae85.js gist.github.com/socket-worker-5029ae85.js","x-github-request-id":"CB3C:6BF1:A5399E:D3A3EC:60225199","transfer-encoding":"chunked"}
[debug] [2021-02-09T09:10:49.582Z] >>> [apiv2][query] GET https://api.github.com/user [none]
[debug] [2021-02-09T09:10:49.869Z] <<< [apiv2][status] GET https://api.github.com/user 200
[debug] [2021-02-09T09:10:49.869Z] <<< [apiv2][body] GET https://api.github.com/user {"login":"Ofdev12","id":33631285,"node_id":"MDQ6VXNlcjMzNjMxMjg1","avatar_url":"https://avatars.githubusercontent.com/u/33631285?v=4","gravatar_id":"","url":"https://api.github.com/users/Ofdev12","html_url":"https://github.com/Ofdev12","followers_url":"https://api.github.com/users/Ofdev12/followers","following_url":"https://api.github.com/users/Ofdev12/following{/other_user}","gists_url":"https://api.github.com/users/Ofdev12/gists{/gist_id}","starred_url":"https://api.github.com/users/Ofdev12/starred{/owner}{/repo}","subscriptions_url":"https://api.github.com/users/Ofdev12/subscriptions","organizations_url":"https://api.github.com/users/Ofdev12/orgs","repos_url":"https://api.github.com/users/Ofdev12/repos","events_url":"https://api.github.com/users/Ofdev12/events{/privacy}","received_events_url":"https://api.github.com/users/Ofdev12/received_events","type":"User","site_admin":false,"name":"Olive Frédéric","company":null,"blog":"","location":null,"email":null,"hireable":null,"bio":null,"twitter_username":null,"public_repos":9,"public_gists":18,"followers":4,"following":31,"created_at":"2017-11-13T15:32:09Z","updated_at":"2021-02-09T09:10:49Z","private_gists":1,"total_private_repos":4,"owned_private_repos":4,"disk_usage":145179,"collaborators":1,"two_factor_authentication":false,"plan":{"name":"free","space":976562499,"collaborators":0,"private_repos":10000}}
[info] 
[info] ✔  Success! Logged into GitHub as Ofdev12 
[info] 
